[1.136s] Invoking command in '/home/vietdh/ros2_final/build/cpp_pubsub': CMAKE_PREFIX_PATH=/home/vietdh/ros2_final/install/dynamixel_sdk_custom_interfaces:/home/vietdh/ros2_final/install/dynamixel_sdk:/home/vietdh/ros2_final/install/examples_rclcpp_multithreaded_executor:/home/vietdh/ros2_final/install/examples_rclcpp_minimal_timer:/home/vietdh/ros2_final/install/examples_rclcpp_minimal_subscriber:/home/vietdh/ros2_final/install/examples_rclcpp_minimal_service:/home/vietdh/ros2_final/install/examples_rclcpp_minimal_publisher:/home/vietdh/ros2_final/install/examples_rclcpp_minimal_composition:/home/vietdh/ros2_final/install/examples_rclcpp_minimal_client:/home/vietdh/ros2_final/install/examples_rclcpp_minimal_action_server:/home/vietdh/ros2_final/install/examples_rclcpp_minimal_action_client:/home/vietdh/ros2_final/install/dynamixel_sdk_examples:/home/vietdh/ros2_final/install/cpp_pubsub:/home/vietdh/ros2_final/install/examples_rclpy_minimal_subscriber:/home/vietdh/ros2_final/install/examples_rclpy_minimal_service:/home/vietdh/ros2_final/install/examples_rclpy_minimal_publisher:/home/vietdh/ros2_final/install/examples_rclpy_minimal_client:/home/vietdh/ros2_final/install/examples_rclpy_minimal_action_server:/home/vietdh/ros2_final/install/examples_rclpy_minimal_action_client:/home/vietdh/ros2_final/install/examples_rclpy_executors:/opt/ros/foxy LD_LIBRARY_PATH=/home/vietdh/ros2_final/install/dynamixel_sdk_custom_interfaces/lib:/home/vietdh/ros2_final/install/dynamixel_sdk/lib:/home/vietdh/ros2_final/install/examples_rclcpp_minimal_composition/lib:/opt/ros/foxy/opt/yaml_cpp_vendor/lib:/opt/ros/foxy/opt/rviz_ogre_vendor/lib:/opt/ros/foxy/lib/x86_64-linux-gnu:/opt/ros/foxy/lib PYTHONPATH=/home/vietdh/ros2_final/install/dynamixel_sdk_custom_interfaces/lib/python3.8/site-packages:/home/vietdh/ros2_final/install/examples_rclpy_minimal_subscriber/lib/python3.8/site-packages:/home/vietdh/ros2_final/install/examples_rclpy_minimal_service/lib/python3.8/site-packages:/home/vietdh/ros2_final/install/examples_rclpy_minimal_publisher/lib/python3.8/site-packages:/home/vietdh/ros2_final/install/examples_rclpy_minimal_client/lib/python3.8/site-packages:/home/vietdh/ros2_final/install/examples_rclpy_minimal_action_server/lib/python3.8/site-packages:/home/vietdh/ros2_final/install/examples_rclpy_minimal_action_client/lib/python3.8/site-packages:/home/vietdh/ros2_final/install/examples_rclpy_executors/lib/python3.8/site-packages:/opt/ros/foxy/lib/python3.8/site-packages /usr/bin/cmake --build /home/vietdh/ros2_final/build/cpp_pubsub -- -j12 -l12
[1.196s] [35m[1mScanning dependencies of target talker[0m
[1.234s] [ 50%] Built target test_node
[1.256s] [ 75%] [32mBuilding CXX object CMakeFiles/talker.dir/src/publisher_member_function.cpp.o[0m
[3.058s] [01m[K/home/vietdh/ros2_final/src/cpp_pubsub/src/publisher_member_function.cpp:[m[K In member function â€˜[01m[Kvoid MinimalPublisher::topic_callback(std_msgs::msg::String_<std::allocator<void> >::SharedPtr) const[m[Kâ€™:
[3.058s] [01m[K/home/vietdh/ros2_final/src/cpp_pubsub/src/publisher_member_function.cpp:69:9:[m[K [01;31m[Kerror: [m[Kâ€˜[01m[Kusleep[m[Kâ€™ was not declared in this scope
[3.058s]    69 |         [01;31m[Kusleep[m[K(1000000);
[3.058s]       |         [01;31m[K^~~~~~[m[K
[4.304s] make[2]: *** [CMakeFiles/talker.dir/build.make:63: CMakeFiles/talker.dir/src/publisher_member_function.cpp.o] Error 1
[4.304s] make[1]: *** [CMakeFiles/Makefile2:80: CMakeFiles/talker.dir/all] Error 2
[4.304s] make: *** [Makefile:141: all] Error 2
[4.307s] Invoked command in '/home/vietdh/ros2_final/build/cpp_pubsub' returned '2': CMAKE_PREFIX_PATH=/home/vietdh/ros2_final/install/dynamixel_sdk_custom_interfaces:/home/vietdh/ros2_final/install/dynamixel_sdk:/home/vietdh/ros2_final/install/examples_rclcpp_multithreaded_executor:/home/vietdh/ros2_final/install/examples_rclcpp_minimal_timer:/home/vietdh/ros2_final/install/examples_rclcpp_minimal_subscriber:/home/vietdh/ros2_final/install/examples_rclcpp_minimal_service:/home/vietdh/ros2_final/install/examples_rclcpp_minimal_publisher:/home/vietdh/ros2_final/install/examples_rclcpp_minimal_composition:/home/vietdh/ros2_final/install/examples_rclcpp_minimal_client:/home/vietdh/ros2_final/install/examples_rclcpp_minimal_action_server:/home/vietdh/ros2_final/install/examples_rclcpp_minimal_action_client:/home/vietdh/ros2_final/install/dynamixel_sdk_examples:/home/vietdh/ros2_final/install/cpp_pubsub:/home/vietdh/ros2_final/install/examples_rclpy_minimal_subscriber:/home/vietdh/ros2_final/install/examples_rclpy_minimal_service:/home/vietdh/ros2_final/install/examples_rclpy_minimal_publisher:/home/vietdh/ros2_final/install/examples_rclpy_minimal_client:/home/vietdh/ros2_final/install/examples_rclpy_minimal_action_server:/home/vietdh/ros2_final/install/examples_rclpy_minimal_action_client:/home/vietdh/ros2_final/install/examples_rclpy_executors:/opt/ros/foxy LD_LIBRARY_PATH=/home/vietdh/ros2_final/install/dynamixel_sdk_custom_interfaces/lib:/home/vietdh/ros2_final/install/dynamixel_sdk/lib:/home/vietdh/ros2_final/install/examples_rclcpp_minimal_composition/lib:/opt/ros/foxy/opt/yaml_cpp_vendor/lib:/opt/ros/foxy/opt/rviz_ogre_vendor/lib:/opt/ros/foxy/lib/x86_64-linux-gnu:/opt/ros/foxy/lib PYTHONPATH=/home/vietdh/ros2_final/install/dynamixel_sdk_custom_interfaces/lib/python3.8/site-packages:/home/vietdh/ros2_final/install/examples_rclpy_minimal_subscriber/lib/python3.8/site-packages:/home/vietdh/ros2_final/install/examples_rclpy_minimal_service/lib/python3.8/site-packages:/home/vietdh/ros2_final/install/examples_rclpy_minimal_publisher/lib/python3.8/site-packages:/home/vietdh/ros2_final/install/examples_rclpy_minimal_client/lib/python3.8/site-packages:/home/vietdh/ros2_final/install/examples_rclpy_minimal_action_server/lib/python3.8/site-packages:/home/vietdh/ros2_final/install/examples_rclpy_minimal_action_client/lib/python3.8/site-packages:/home/vietdh/ros2_final/install/examples_rclpy_executors/lib/python3.8/site-packages:/opt/ros/foxy/lib/python3.8/site-packages /usr/bin/cmake --build /home/vietdh/ros2_final/build/cpp_pubsub -- -j12 -l12
